rustc error: exit status 1
error: `<` is interpreted as a start of generic arguments for `i32`, not a comparison
   --> /tmp/TestMochiToRustachilles-numbers4042023725/001/prog.rs:102:30
    |
102 |         while s.len() as i32 < width {
    |                              ^ ------- interpreted as generic arguments
    |                              |
    |                              not interpreted as comparison
    |
help: try comparing the cast value
    |
102 |         while (s.len() as i32) < width {
    |               +              +

error[E0434]: can't capture dynamic environment in a fn item
  --> /tmp/TestMochiToRustachilles-numbers4042023725/001/prog.rs:44:17
   |
44 |                 pps.insert(p, true);
   |                 ^^^
   |
   = help: use the `|| { ... }` closure form instead

error[E0434]: can't capture dynamic environment in a fn item
   --> /tmp/TestMochiToRustachilles-numbers4042023725/001/prog.rs:110:22
    |
110 |         let achSet = getAchilles(1, 5);
    |                      ^^^^^^^^^^^
    |
    = help: use the `|| { ... }` closure form instead

warning: denote infinite loops with `loop { ... }`
  --> /tmp/TestMochiToRustachilles-numbers4042023725/001/prog.rs:39:13
   |
39 |             while true {
   |             ^^^^^^^^^^ help: use `loop`
   |
   = note: `#[warn(while_true)]` on by default

warning: denote infinite loops with `loop { ... }`
  --> /tmp/TestMochiToRustachilles-numbers4042023725/001/prog.rs:57:13
   |
57 |             while true {
   |             ^^^^^^^^^^ help: use `loop`

error[E0308]: mismatched types
  --> /tmp/TestMochiToRustachilles-numbers4042023725/001/prog.rs:33:106
   |
33 |     let mut pps: std::collections::HashMap<i32, bool> = { let mut m = std::collections::BTreeMap::new(); m };
   |                                                                                                          ^ expected `HashMap<i32, bool>`, found `BTreeMap<_, _>`
   |
   = note: expected struct `HashMap<i32, bool>`
              found struct `BTreeMap<_, _>`

error[E0308]: mismatched types
  --> /tmp/TestMochiToRustachilles-numbers4042023725/001/prog.rs:52:115
   |
52 |         let mut achilles: std::collections::HashMap<i32, bool> = { let mut m = std::collections::BTreeMap::new(); m };
   |                                                                                                                   ^ expected `HashMap<i32, bool>`, found `BTreeMap<_, _>`
   |
   = note: expected struct `HashMap<i32, bool>`
              found struct `BTreeMap<_, _>`

error[E0277]: cannot subtract `f64` from `i32`
  --> /tmp/TestMochiToRustachilles-numbers4042023725/001/prog.rs:21:28
   |
21 |                 tot = (tot - tot as f64) / (i as f64);
   |                            ^ no implementation for `i32 - f64`
   |
   = help: the trait `Sub<f64>` is not implemented for `i32`
   = help: the following other types implement trait `Sub<Rhs>`:
             `&i32` implements `Sub<i32>`
             `&i32` implements `Sub`
             `i32` implements `Sub<&i32>`
             `i32` implements `Sub`

error[E0277]: cannot subtract `f64` from `i32`
  --> /tmp/TestMochiToRustachilles-numbers4042023725/001/prog.rs:29:24
   |
29 |             tot = (tot - tot as f64) / (nn as f64);
   |                        ^ no implementation for `i32 - f64`
   |
   = help: the trait `Sub<f64>` is not implemented for `i32`
   = help: the following other types implement trait `Sub<Rhs>`:
             `&i32` implements `Sub<i32>`
             `&i32` implements `Sub`
             `i32` implements `Sub<&i32>`
             `i32` implements `Sub`

error[E0368]: binary assignment operation `+=` cannot be applied to type `Vec<i32>`
  --> /tmp/TestMochiToRustachilles-numbers4042023725/001/prog.rs:87:13
   |
87 |             res += vec![min];
   |             ---^^^^^^^^^^^^^
   |             |
   |             cannot use `+=` on type `Vec<i32>`
   |
note: the foreign item type `Vec<i32>` doesn't implement `AddAssign`
  --> /rustc/17067e9ac6d7ecb70e50f92c1944e545188d2359/library/alloc/src/vec/mod.rs:409:1
   |
   = note: not implement `AddAssign`

error[E0368]: binary assignment operation `+=` cannot be applied to type `Vec<i32>`
  --> /tmp/TestMochiToRustachilles-numbers4042023725/001/prog.rs:92:21
   |
92 |                     out += vec![tmp[j as usize]];
   |                     ---^^^^^^^^^^^^^^^^^^^^^^^^^
   |                     |
   |                     cannot use `+=` on type `Vec<i32>`
   |
note: the foreign item type `Vec<i32>` doesn't implement `AddAssign`
  --> /rustc/17067e9ac6d7ecb70e50f92c1944e545188d2359/library/alloc/src/vec/mod.rs:409:1
   |
   = note: not implement `AddAssign`

error[E0308]: mismatched types
   --> /tmp/TestMochiToRustachilles-numbers4042023725/001/prog.rs:105:16
    |
100 |     fn pad(n: i32, width: i32) -> &'static str {
    |                                   ------------ expected `&'static str` because of return type
...
105 |         return s;
    |                ^ expected `&str`, found `String`
    |
help: consider borrowing here
    |
105 |         return &s;
    |                +

error[E0368]: binary assignment operation `+=` cannot be applied to type `Vec<i32>`
   --> /tmp/TestMochiToRustachilles-numbers4042023725/001/prog.rs:113:13
    |
113 |             ach += vec![k];
    |             ---^^^^^^^^^^^
    |             |
    |             cannot use `+=` on type `Vec<i32>`
    |
note: the foreign item type `Vec<i32>` doesn't implement `AddAssign<Vec<_>>`
   --> /rustc/17067e9ac6d7ecb70e50f92c1944e545188d2359/library/alloc/src/vec/mod.rs:409:1
    |
    = note: not implement `AddAssign<Vec<_>>`

error[E0368]: binary assignment operation `+=` cannot be applied to type `&str`
   --> /tmp/TestMochiToRustachilles-numbers4042023725/001/prog.rs:122:17
    |
122 |                 line += pad(ach[i as usize], 4);
    |                 ----^^^^^^^^^^^^^^^^^^^^^^^^^^^
    |                 |
    |                 cannot use `+=` on type `&str`

error[E0368]: binary assignment operation `+=` cannot be applied to type `&str`
   --> /tmp/TestMochiToRustachilles-numbers4042023725/001/prog.rs:124:21
    |
124 |                     line += " ";
    |                     ----^^^^^^^
    |                     |
    |                     cannot use `+=` on type `&str`

error[E0368]: binary assignment operation `+=` cannot be applied to type `Vec<i32>`
   --> /tmp/TestMochiToRustachilles-numbers4042023725/001/prog.rs:138:17
    |
138 |                 strong += vec![ach[idx as usize]];
    |                 ------^^^^^^^^^^^^^^^^^^^^^^^^^^^
    |                 |
    |                 cannot use `+=` on type `Vec<i32>`
    |
note: the foreign item type `Vec<i32>` doesn't implement `AddAssign`
   --> /rustc/17067e9ac6d7ecb70e50f92c1944e545188d2359/library/alloc/src/vec/mod.rs:409:1
    |
    = note: not implement `AddAssign`

error[E0368]: binary assignment operation `+=` cannot be applied to type `&str`
   --> /tmp/TestMochiToRustachilles-numbers4042023725/001/prog.rs:148:17
    |
148 |                 line += pad(strong[i as usize], 5);
    |                 ----^^^^^^^^^^^^^^^^^^^^^^^^^^^^^^
    |                 |
    |                 cannot use `+=` on type `&str`

error[E0368]: binary assignment operation `+=` cannot be applied to type `&str`
   --> /tmp/TestMochiToRustachilles-numbers4042023725/001/prog.rs:150:21
    |
150 |                     line += " ";
    |                     ----^^^^^^^
    |                     |
    |                     cannot use `+=` on type `&str`

error[E0308]: mismatched types
   --> /tmp/TestMochiToRustachilles-numbers4042023725/001/prog.rs:161:32
    |
161 |             let c = counts[d - 2 as usize];
    |                                ^^^^^^^^^^ expected `i32`, found `usize`

error[E0277]: cannot subtract `usize` from `i32`
   --> /tmp/TestMochiToRustachilles-numbers4042023725/001/prog.rs:161:30
    |
161 |             let c = counts[d - 2 as usize];
    |                              ^ no implementation for `i32 - usize`
    |
    = help: the trait `Sub<usize>` is not implemented for `i32`
    = help: the following other types implement trait `Sub<Rhs>`:
              `&i32` implements `Sub<i32>`
              `&i32` implements `Sub`
              `i32` implements `Sub<&i32>`
              `i32` implements `Sub`

error[E0277]: the type `[{integer}]` cannot be indexed by `i32`
   --> /tmp/TestMochiToRustachilles-numbers4042023725/001/prog.rs:161:28
    |
161 |             let c = counts[d - 2 as usize];
    |                            ^^^^^^^^^^^^^^ slice indices are of type `usize` or ranges of `usize`
    |
    = help: the trait `SliceIndex<[{integer}]>` is not implemented for `i32`
            but it is implemented for `usize`
    = help: for that trait implementation, expected `usize`, found `i32`
    = note: required for `Vec<{integer}>` to implement `Index<i32>`

error: aborting due to 19 previous errors; 2 warnings emitted

Some errors have detailed explanations: E0277, E0308, E0368, E0434.
For more information about an error, try `rustc --explain E0277`.
